Log file open, 11/25/14 17:07:47
LogInit:Display: Running engine for game: Bakery
LogInit: Version: 4.5.1-2336687+++depot+UE4-Releases+4.5
LogInit: API Version: 2326478
LogInit: Compiled (64-bit): Oct 21 2014 22:32:40
LogInit: Compiled with Visual C++: 18.00.21005.01
LogInit: Build Configuration: Development
LogInit: Branch Name: ++depot+UE4-Releases+4.5
LogInit: Command line: 
LogInit: Base directory: C:/Program Files/Epic Games/4.5/Engine/Binaries/Win64/
LogInit: Rocket: 1
[2014.11.25-22.07.47:721][  0]LogTaskGraph: Started task graph with 3 named threads and 4 total threads.
[2014.11.25-22.07.47:750][  0]LogOnline:Warning: No default platform service specified for OnlineSubsystem
[2014.11.25-22.07.47:765][  0]LogInit: Presizing for 0 objects not considered by GC, pre-allocating 0 bytes.
[2014.11.25-22.07.47:774][  0]LogInit: Object subsystem initialized
[2014.11.25-22.07.47:776][  0]LogConsoleResponse:Warning: Skipping Unknown console variable: 'UIScaleRule = ShortestSide'
[2014.11.25-22.07.47:776][  0]LogConsoleResponse:Warning:   Found in ini file 'C:/Users/Esther/Desktop/Bakery/Saved/Config/Windows/Engine.ini', in section '[/Script/Engine.RendererSettings]'
[2014.11.25-22.07.47:776][  0]LogConsoleResponse:Warning: Skipping Unknown console variable: 'UIScaleCurve = (EditorCurveData=(Keys=((Time=480,Value=0.444),(Time=720,Value=0.666),(Time=1080,Value=1.0),(Time=8640,Value=8.0))),ExternalCurve=None)'
[2014.11.25-22.07.47:776][  0]LogConsoleResponse:Warning:   Found in ini file 'C:/Users/Esther/Desktop/Bakery/Saved/Config/Windows/Engine.ini', in section '[/Script/Engine.RendererSettings]'
[2014.11.25-22.07.47:777][  0]LogInit: Selected Device Profile: [Windows]
[2014.11.25-22.07.47:777][  0]LogInit: Applying CVar settings loaded from the selected device profile: [Windows]
[2014.11.25-22.07.47:781][  0]LogInit: Computer: ARCHER
[2014.11.25-22.07.47:781][  0]LogInit: User: Esther
[2014.11.25-22.07.47:782][  0]LogInit: CPU Page size=4096, Cores=4
[2014.11.25-22.07.47:782][  0]LogInit: High frequency timer resolution =3.410219 MHz
[2014.11.25-22.07.47:782][  0]LogMemory: Memory total: Physical=15.9GB (16GB approx) Virtual=131072.0GB
[2014.11.25-22.07.47:782][  0]LogMemory: Platform Memory Stats for Windows
[2014.11.25-22.07.47:782][  0]LogMemory: Process Physical Memory: 60.79 MB used, 60.79 MB peak
[2014.11.25-22.07.47:782][  0]LogMemory: Process Virtual Memory: 38.39 MB used, 38.39 MB peak
[2014.11.25-22.07.47:782][  0]LogMemory: Physical Memory: 3553.09 MB used, 16330.93 MB total
[2014.11.25-22.07.47:782][  0]LogMemory: Virtual Memory: 278.42 MB used, 134217728.00 MB total
[2014.11.25-22.07.47:809][  0]LogD3D11RHI: Found D3D11 adapter 0: NVIDIA GeForce GTX 660   (Feature Level 11_0)
[2014.11.25-22.07.47:809][  0]LogD3D11RHI: Adapter has 1989MB of dedicated video memory, 0MB of dedicated system memory, and 2048MB of shared system memory, 1 output[s]
[2014.11.25-22.07.47:812][  0]LogD3D11RHI: Found D3D11 adapter 1: Microsoft Basic Render Driver (Feature Level 11_0)
[2014.11.25-22.07.47:812][  0]LogD3D11RHI: Adapter has 0MB of dedicated video memory, 0MB of dedicated system memory, and 256MB of shared system memory, 0 output[s]
[2014.11.25-22.07.47:812][  0]LogD3D11RHI: Chosen D3D11 Adapter Id = 0
[2014.11.25-22.07.47:816][  0]LogRHI: Texture pool is 1361 MB (70% of 1945 MB)
[2014.11.25-22.07.47:824][  0]LogD3D11RHI: Async texture creation enabled
[2014.11.25-22.07.47:872][  0]LogTextLocalizationManager: The requested culture ('en_US') has no localization data; parent culture's ('en') localization data will be used.
[2014.11.25-22.07.47:998][  0]LogContentStreaming: Texture pool size is 0.000000MB
[2014.11.25-22.07.52:016][  0]LogTargetPlatformManager:Display: Building Assets For Windows
[2014.11.25-22.07.52:362][  0]LogTargetPlatformManager:Display: Building Assets For Windows
[2014.11.25-22.07.52:405][  0]LogDerivedDataCache:Display: Max Cache Size: 512 MB
[2014.11.25-22.07.52:442][  0]LogDerivedDataCache: Loaded boot cache 0.04s 39MB C:/Users/Esther/AppData/Local/UnrealEngine/4.5/DerivedDataCache/Boot.ddc.
[2014.11.25-22.07.52:442][  0]LogDerivedDataCache:Display: Loaded Boot cache: C:/Users/Esther/AppData/Local/UnrealEngine/4.5/DerivedDataCache/Boot.ddc
[2014.11.25-22.07.52:442][  0]LogDerivedDataCache: FDerivedDataBackendGraph:  Pak pak cache file ../../../../../../Users/Esther/Desktop/Bakery/DerivedDataCache/DDC.ddp not found, will not use a pak cache.
[2014.11.25-22.07.52:442][  0]LogDerivedDataCache: Unable to find inner node Pak for hierarchical cache Hierarchy.
[2014.11.25-22.07.52:499][  0]LogDerivedDataCache:Display: Pak cache opened for reading ../../../Engine/DerivedDataCache/DDC.ddp.
[2014.11.25-22.07.52:511][  0]LogDerivedDataCache: Using Local data cache path C:/Users/Esther/AppData/Local/UnrealEngine/Common/DerivedDataCache: Writable
[2014.11.25-22.07.52:653][  0]LogMeshUtilities: No automatic mesh reduction module available
[2014.11.25-22.07.52:653][  0]LogMeshUtilities: No automatic mesh merging module available
[2014.11.25-22.07.52:857][  0]LogLinker:Warning: Asset '../../../Engine/Content/Functions/Engine_MaterialFunctions02/Texturing/FlipBook.uasset' has been saved with empty engine version. The asset will be loaded but may be incompatible.
[2014.11.25-22.07.52:860][  0]LogLinker:Warning: Asset '../../../Engine/Content/Functions/Engine_MaterialFunctions02/ExampleContent/Textures/flipbook.uasset' has been saved with empty engine version. The asset will be loaded but may be incompatible.
[2014.11.25-22.07.53:015][  0]LogInit: WinSock: version 1.1 (2.2), MaxSocks=32767, MaxUdp=65467
[2014.11.25-22.07.53:764][  0]UdpMessaging: Initializing bridge on interface 0.0.0.0:0 to multicast group 230.0.0.1:6666.
[2014.11.25-22.07.53:905][  0]LogDirectoryWatcher:Warning: Failed to begin reading directory changes for C:/Users/Esther/Desktop/Bakery/Binaries/Win64. Error: 0
[2014.11.25-22.07.54:004][  0]SourceControl: Info Source control is disabled
[2014.11.25-22.07.54:004][  0]SourceControl: Info Source control is disabled
[2014.11.25-22.07.54:010][  0]SourceControl: Info Source control is disabled
[2014.11.25-22.07.54:094][  0]LogObj: 22915 objects as part of root set at end of initial load.
[2014.11.25-22.07.54:094][  0]LogUObjectAllocator: 4803544 out of 0 bytes used by permanent object pool.
[2014.11.25-22.07.54:142][  0]LogEngine: Initializing Engine...
[2014.11.25-22.07.54:250][  0]LogInit: XAudio2 using '32LD400-4 (NVIDIA High Definition Audio)' : 2 channels at 48 kHz using 16 bits per sample (channel mask 0x3)
[2014.11.25-22.07.54:259][  0]LogInit: FAudioDevice initialized.
[2014.11.25-22.07.54:276][  0]LogAIModule: Creating AISystem for world NewWorld
[2014.11.25-22.07.54:298][  0]LogDerivedDataCache: Saved boot cache 0.02s 39MB C:/Users/Esther/AppData/Local/UnrealEngine/4.5/DerivedDataCache/Boot.ddc.
[2014.11.25-22.07.54:301][  0]LogInit: Texture streaming: Enabled
[2014.11.25-22.07.54:334][  0]LogInit: Transaction tracking system initialized
[2014.11.25-22.07.54:404][  0]BlueprintLog: New page: Editor Load
[2014.11.25-22.07.54:430][  0]LogAssetRegistry: FAssetRegistry took 0.0110 seconds to start up
[2014.11.25-22.07.54:430][  0]LogDirectoryWatcher:Warning: Failed to begin reading directory changes for ../../../Engine/Plugins/Experimental/CharacterAI/Content/. Error: 0
[2014.11.25-22.07.54:799][  0]LogTargetPlatformManager:Display: Building Assets For Windows
[2014.11.25-22.07.55:069][  0]LogTargetPlatformManager:Display: Building Assets For Windows
[2014.11.25-22.07.56:252][  0]LogConsoleResponse:Display: 
[2014.11.25-22.07.56:403][  0]SourceControl: Info Source control is disabled
[2014.11.25-22.07.56:403][  0]Cmd: MAP LOAD FILE="../../../Engine/Content/Maps/Templates/Template_Default.umap" TEMPLATE=1 SHOWPROGRESS=1
[2014.11.25-22.07.56:403][  0]LightingResults: New page: Lighting Build
[2014.11.25-22.07.56:410][  0]MapCheck: New page: Map Check
[2014.11.25-22.07.56:410][  0]LightingResults: New page: Lighting Build
[2014.11.25-22.07.56:423][  0]LogParticles: Destroying 0 GPU particle simulations for FXSystem 0x000000836A4BE7A0
[2014.11.25-22.07.56:591][  0]LogEditorServer: Finished looking for orphan Actors (0.000 secs)
[2014.11.25-22.07.56:591][  0]LogAIModule: Creating AISystem for world Untitled_1
[2014.11.25-22.07.56:592][  0]Cmd: MAP CHECKDEP
[2014.11.25-22.07.56:592][  0]MapCheck: New page: Untitled_1 - Nov 25, 2014, 12:07:56 PM
[2014.11.25-22.07.56:654][  0]MapCheck: Info Map check complete: 0 Error(s), 0 Warning(s), took 62.461ms to complete.
[2014.11.25-22.07.56:654][  0]LogFileHelpers: Loading map 'Template_Default' took 0.251
[2014.11.25-22.07.56:778][  0]LogCollectionManager: Loaded 0 collections in 0.000908 seconds
[2014.11.25-22.07.57:016][  0]LogCrashTracker: Crashtracker disabled due to settings.
[2014.11.25-22.07.57:023][  0]LogUObjectGlobals:Warning: Failed to find object 'Class None.'
[2014.11.25-22.07.57:050][  0]LogLoad: Full Startup: 11.22 seconds (BP compile: 0.05 seconds)
[2014.11.25-22.07.57:553][  0]LogRenderer:Warning: Reallocating scene render targets to support 1136x904.
[2014.11.25-22.07.58:059][  2]LogAssetRegistry: Asset discovery search completed in 3.6403 seconds
[2014.11.25-22.08.37:998][951]Cmd: STAT FPS
[2014.11.25-22.08.39:718][138]LogEditorViewport: Clicking on Actor (LMB): BP_Sky_Sphere_C (BP_Sky_Shere)
[2014.11.25-22.08.48:323][ 76]LogEditorViewport: Clicking on Actor (LMB): BP_Sky_Sphere_C (BP_Sky_Shere)
[2014.11.25-22.08.52:478][545]LogWindowsTextInputMethodSystem:Error: Deactivating a context failed while setting focus to the disabled TSF document manager.
[2014.11.25-22.08.57:153][545]LogWindowsTextInputMethodSystem:Error: Deactivating a context failed while setting focus to the disabled TSF document manager.
[2014.11.25-22.08.57:386][545]Cmd: OBJ SAVEPACKAGE PACKAGE="/Game/Bakery_MAP" FILE="../../../../../../Users/Esther/Desktop/Bakery/Content/Bakery_MAP.umap" SILENT=true AUTOSAVING=false KEEPDIRTY=false
[2014.11.25-22.08.57:436][545]LogSavePackage: Save=24.701639ms
[2014.11.25-22.08.57:436][545]LogSavePackage: Moving '../../../../../../Users/Esther/Desktop/Bakery/Saved/Bakery_MAPE2EDB072468CAD68764DFEA5B3C9495B.tmp' to '../../../../../../Users/Esther/Desktop/Bakery/Content/Bakery_MAP.umap'
[2014.11.25-22.08.57:446][545]LogFileHelpers: Saving map 'Bakery_MAP' took 0.282
[2014.11.25-22.09.00:641][853]Cmd: QUIT_EDITOR
[2014.11.25-22.09.00:913][853]LogExit: Preparing to exit.
[2014.11.25-22.09.01:916][853]LogExit: Editor shut down
[2014.11.25-22.09.01:916][853]LogExit: Transaction tracking system shut down
[2014.11.25-22.09.01:917][853]LogParticles: Destroying 0 GPU particle simulations for FXSystem 0x000000836F5B4AE0
[2014.11.25-22.09.01:935][853]LogExit: Object subsystem successfully closed.
[2014.11.25-22.09.01:980][853]LogModuleManager: Shutting down and abandoning module AndroidDeviceDetection (166)
[2014.11.25-22.09.01:980][853]LogModuleManager: Shutting down and abandoning module CrashTracker (165)
[2014.11.25-22.09.01:980][853]LogModuleManager: Shutting down and abandoning module SuperSearch (164)
[2014.11.25-22.09.01:980][853]LogModuleManager: Shutting down and abandoning module SceneOutliner (163)
[2014.11.25-22.09.01:980][853]LogModuleManager: Shutting down and abandoning module EditorWidgets (162)
[2014.11.25-22.09.01:980][853]LogModuleManager: Shutting down and abandoning module CollectionManager (161)
[2014.11.25-22.09.01:980][853]LogModuleManager: Shutting down and abandoning module StatsViewer (160)
[2014.11.25-22.09.01:980][853]LogModuleManager: Shutting down and abandoning module FoliageEdit (159)
[2014.11.25-22.09.01:980][853]LogModuleManager: Shutting down and abandoning module LandscapeEditor (158)
[2014.11.25-22.09.01:980][853]LogModuleManager: Shutting down and abandoning module MeshPaint (157)
[2014.11.25-22.09.01:980][853]LogModuleManager: Shutting down and abandoning module ActorPickerMode (156)
[2014.11.25-22.09.01:980][853]LogModuleManager: Shutting down and abandoning module GeometryMode (155)
[2014.11.25-22.09.01:980][853]LogModuleManager: Shutting down and abandoning module TextureAlignMode (154)
[2014.11.25-22.09.01:980][853]LogModuleManager: Shutting down and abandoning module BspMode (153)
[2014.11.25-22.09.01:980][853]LogModuleManager: Shutting down and abandoning module PlacementMode (152)
[2014.11.25-22.09.01:980][853]LogModuleManager: Shutting down and abandoning module AutomationWorker (151)
[2014.11.25-22.09.01:980][853]LogModuleManager: Shutting down and abandoning module CharacterAI (150)
[2014.11.25-22.09.01:980][853]LogModuleManager: Shutting down and abandoning module GameProjectGeneration (149)
[2014.11.25-22.09.01:980][853]LogModuleManager: Shutting down and abandoning module IntroTutorials (148)
[2014.11.25-22.09.01:980][853]LogModuleManager: Shutting down and abandoning module EditorLiveStreaming (147)
[2014.11.25-22.09.01:980][853]LogModuleManager: Shutting down and abandoning module HardwareTargeting (146)
[2014.11.25-22.09.01:980][853]LogModuleManager: Shutting down and abandoning module BehaviorTreeEditor (145)
[2014.11.25-22.09.01:980][853]LogModuleManager: Shutting down and abandoning module DeviceProfileEditor (144)
[2014.11.25-22.09.01:980][853]LogModuleManager: Shutting down and abandoning module UndoHistory (143)
[2014.11.25-22.09.01:980][853]LogModuleManager: Shutting down and abandoning module GameplayTagsEditor (142)
[2014.11.25-22.09.01:980][853]LogModuleManager: Shutting down and abandoning module UserFeedback (141)
[2014.11.25-22.09.01:980][853]LogModuleManager: Shutting down and abandoning module XmlParser (140)
[2014.11.25-22.09.01:980][853]LogModuleManager: Shutting down and abandoning module Blutility (139)
[2014.11.25-22.09.01:980][853]LogModuleManager: Shutting down and abandoning module IOSPlatformEditor (138)
[2014.11.25-22.09.01:980][853]LogModuleManager: Shutting down and abandoning module IOSRuntimeSettings (137)
[2014.11.25-22.09.01:980][853]LogModuleManager: Shutting down and abandoning module AndroidPlatformEditor (136)
[2014.11.25-22.09.01:980][853]LogModuleManager: Shutting down and abandoning module AndroidRuntimeSettings (135)
[2014.11.25-22.09.01:980][853]LogModuleManager: Shutting down and abandoning module ProjectTargetPlatformEditor (134)
[2014.11.25-22.09.01:980][853]LogModuleManager: Shutting down and abandoning module ProjectSettingsViewer (133)
[2014.11.25-22.09.01:980][853]LogModuleManager: Shutting down and abandoning module InputBindingEditor (132)
[2014.11.25-22.09.01:980][853]LogModuleManager: Shutting down and abandoning module EditorSettingsViewer (131)
[2014.11.25-22.09.01:980][853]LogModuleManager: Shutting down and abandoning module SettingsEditor (130)
[2014.11.25-22.09.01:981][853]LogModuleManager: Shutting down and abandoning module ProjectLauncher (129)
[2014.11.25-22.09.01:981][853]LogModuleManager: Shutting down and abandoning module SessionFrontend (128)
[2014.11.25-22.09.01:981][853]LogModuleManager: Shutting down and abandoning module ProfilerClient (127)
[2014.11.25-22.09.01:981][853]LogModuleManager: Shutting down and abandoning module TargetDeviceServices (126)
[2014.11.25-22.09.01:981][853]LogModuleManager: Shutting down and abandoning module DeviceManager (125)
[2014.11.25-22.09.01:981][853]LogModuleManager: Shutting down and abandoning module AutomationController (124)
[2014.11.25-22.09.01:981][853]LogModuleManager: Shutting down and abandoning module AutomationWindow (123)
[2014.11.25-22.09.01:981][853]LogModuleManager: Shutting down and abandoning module Layers (122)
[2014.11.25-22.09.01:981][853]LogModuleManager: Shutting down and abandoning module ComponentVisualizers (121)
[2014.11.25-22.09.01:981][853]LogModuleManager: Shutting down and abandoning module DetailCustomizations (120)
[2014.11.25-22.09.01:981][853]LogModuleManager: Shutting down and abandoning module PackagesDialog (119)
[2014.11.25-22.09.01:981][853]LogModuleManager: Shutting down and abandoning module AssetRegistry (118)
[2014.11.25-22.09.02:060][853]LogModuleManager: Shutting down and abandoning module Persona (117)
[2014.11.25-22.09.02:060][853]LogModuleManager: Shutting down and abandoning module Kismet (116)
[2014.11.25-22.09.02:060][853]LogModuleManager: Shutting down and abandoning module GraphEditor (115)
[2014.11.25-22.09.02:060][853]LogModuleManager: Shutting down and abandoning module ClassViewer (114)
[2014.11.25-22.09.02:060][853]LogModuleManager: Shutting down and abandoning module Toolbox (113)
[2014.11.25-22.09.02:060][853]LogModuleManager: Shutting down and abandoning module ModuleUI (112)
[2014.11.25-22.09.02:060][853]LogModuleManager: Shutting down and abandoning module MovieSceneTools (111)
[2014.11.25-22.09.02:060][853]LogModuleManager: Shutting down and abandoning module OutputLog (110)
[2014.11.25-22.09.02:060][853]LogModuleManager: Shutting down and abandoning module GammaUI (109)
[2014.11.25-22.09.02:060][853]LogModuleManager: Shutting down and abandoning module Documentation (108)
[2014.11.25-22.09.02:060][853]LogModuleManager: Shutting down and abandoning module GameLiveStreaming (107)
[2014.11.25-22.09.02:061][853]LogModuleManager: Shutting down and abandoning module StreamingPauseRendering (106)
[2014.11.25-22.09.02:061][853]LogModuleManager: Shutting down and abandoning module HTTP (105)
[2014.11.25-22.09.02:061][853]LogModuleManager: Shutting down and abandoning module AnalyticsET (104)
[2014.11.25-22.09.02:061][853]LogModuleManager: Shutting down and abandoning module Analytics (103)
[2014.11.25-22.09.02:061][853]LogModuleManager: Shutting down and abandoning module GameplayDebugger (102)
[2014.11.25-22.09.02:061][853]LogModuleManager: Shutting down and abandoning module AIModule (101)
[2014.11.25-22.09.02:061][853]LogModuleManager: Shutting down and abandoning module ProfilerService (100)
[2014.11.25-22.09.02:203][853]LogModuleManager: Shutting down and abandoning module TaskGraph (99)
[2014.11.25-22.09.02:203][853]LogModuleManager: Shutting down and abandoning module SlateRemote (98)
[2014.11.25-22.09.02:203][853]LogModuleManager: Shutting down and abandoning module ScriptEditorPlugin (97)
[2014.11.25-22.09.02:203][853]LogModuleManager: Shutting down and abandoning module CustomMeshComponent (96)
[2014.11.25-22.09.02:203][853]LogModuleManager: Shutting down and abandoning module CableComponent (95)
[2014.11.25-22.09.02:203][853]LogModuleManager: Shutting down and abandoning module MessagingDebugger (94)
[2014.11.25-22.09.02:203][853]LogModuleManager: Shutting down and abandoning module MediaPlayerEditor (93)
[2014.11.25-22.09.02:203][853]LogModuleManager: Shutting down and abandoning module SpeedTreeImporter (92)
[2014.11.25-22.09.02:203][853]LogModuleManager: Shutting down and abandoning module PluginsEditor (91)
[2014.11.25-22.09.02:203][853]LogModuleManager: Shutting down and abandoning module EpicSurvey (90)
[2014.11.25-22.09.02:203][853]LogModuleManager: Shutting down and abandoning module DesktopPlatform (89)
[2014.11.25-22.09.02:203][853]LogModuleManager: Shutting down and abandoning module VisualStudioSourceCodeAccess (88)
[2014.11.25-22.09.02:203][853]LogModuleManager: Shutting down and abandoning module UObjectPlugin (87)
[2014.11.25-22.09.02:203][853]LogModuleManager: Shutting down and abandoning module SubversionSourceControl (86)
[2014.11.25-22.09.02:203][853]LogModuleManager: Shutting down and abandoning module SourceControl (85)
[2014.11.25-22.09.02:203][853]LogModuleManager: Shutting down and abandoning module PerforceSourceControl (84)
[2014.11.25-22.09.02:203][853]LogModuleManager: Shutting down and abandoning module BlankPlugin (83)
[2014.11.25-22.09.02:203][853]LogModuleManager: Shutting down and abandoning module SlateReflector (82)
[2014.11.25-22.09.02:203][853]LogModuleManager: Shutting down and abandoning module DirectoryWatcher (81)
[2014.11.25-22.09.02:204][853]LogModuleManager: Shutting down and abandoning module HotReload (80)
[2014.11.25-22.09.02:204][853]LogModuleManager: Shutting down and abandoning module MainFrame (79)
[2014.11.25-22.09.02:204][853]LogModuleManager: Shutting down and abandoning module LevelEditor (78)
[2014.11.25-22.09.02:205][853]LogModuleManager: Shutting down and abandoning module ViewportSnapping (77)
[2014.11.25-22.09.02:205][853]LogModuleManager: Shutting down and abandoning module SmartSnapping (76)
[2014.11.25-22.09.02:205][853]LogModuleManager: Shutting down and abandoning module PaperTiledImporter (75)
[2014.11.25-22.09.02:205][853]LogModuleManager: Shutting down and abandoning module PaperJsonImporter (74)
[2014.11.25-22.09.02:205][853]LogModuleManager: Shutting down and abandoning module ContentBrowser (73)
[2014.11.25-22.09.02:205][853]LogModuleManager: Shutting down and abandoning module PropertyEditor (72)
[2014.11.25-22.09.02:205][853]LogModuleManager: Shutting down and abandoning module Paper2DEditor (71)
[2014.11.25-22.09.02:206][853]LogModuleManager: Shutting down and abandoning module ScriptPlugin (70)
[2014.11.25-22.09.02:206][853]LogModuleManager: Shutting down and abandoning module UdpMessaging (69)
[2014.11.25-22.09.02:306][853]LogModuleManager: Shutting down and abandoning module Paper2D (68)
[2014.11.25-22.09.02:306][853]LogModuleManager: Shutting down and abandoning module WindowsMoviePlayer (67)
[2014.11.25-22.09.02:308][853]LogModuleManager: Shutting down and abandoning module Media (66)
[2014.11.25-22.09.02:308][853]LogModuleManager: Shutting down and abandoning module WmfMedia (65)
[2014.11.25-22.09.02:309][853]LogModuleManager: Shutting down and abandoning module OnlineBlueprintSupport (64)
[2014.11.25-22.09.02:309][853]LogModuleManager: Shutting down and abandoning module FunctionalTesting (63)
[2014.11.25-22.09.02:309][853]LogModuleManager: Shutting down and abandoning module CollisionAnalyzer (62)
[2014.11.25-22.09.02:309][853]LogModuleManager: Shutting down and abandoning module WorkspaceMenuStructure (61)
[2014.11.25-22.09.02:309][853]LogModuleManager: Shutting down and abandoning module MessageLog (60)
[2014.11.25-22.09.02:309][853]LogModuleManager: Shutting down and abandoning module Sequencer (59)
[2014.11.25-22.09.02:309][853]LogModuleManager: Shutting down and abandoning module AssetTools (58)
[2014.11.25-22.09.02:309][853]LogModuleManager: Shutting down and abandoning module UMGEditor (57)
[2014.11.25-22.09.02:309][853]LogModuleManager: Shutting down and abandoning module UMG (56)
[2014.11.25-22.09.02:309][853]LogModuleManager: Shutting down and abandoning module Slate (55)
[2014.11.25-22.09.02:309][853]LogModuleManager: Shutting down and abandoning module EditorStyle (54)
[2014.11.25-22.09.02:311][853]LogModuleManager: Shutting down and abandoning module SessionServices (53)
[2014.11.25-22.09.02:311][853]LogModuleManager: Shutting down and abandoning module SourceCodeAccess (52)
[2014.11.25-22.09.02:311][853]LogModuleManager: Shutting down and abandoning module HeadMountedDisplay (51)
[2014.11.25-22.09.02:311][853]LogModuleManager: Shutting down and abandoning module XAudio2 (50)
[2014.11.25-22.09.02:311][853]LogModuleManager: Shutting down and abandoning module Networking (48)
[2014.11.25-22.09.02:311][853]LogModuleManager: Shutting down and abandoning module Core (47)
[2014.11.25-22.09.02:311][853]LogModuleManager: Shutting down and abandoning module KismetCompiler (46)
[2014.11.25-22.09.02:311][853]LogModuleManager: Shutting down and abandoning module PhysXFormats (45)
[2014.11.25-22.09.02:311][853]LogModuleManager: Shutting down and abandoning module MeshUtilities (44)
[2014.11.25-22.09.02:311][853]LogModuleManager: Shutting down and abandoning module DerivedDataCache (43)
[2014.11.25-22.09.02:573][853]LogDerivedDataCache: Shutdown
[2014.11.25-22.09.02:573][853]LogModuleManager: Shutting down and abandoning module ShaderFormatOpenGL (42)
[2014.11.25-22.09.02:573][853]LogModuleManager: Shutting down and abandoning module ShaderFormatD3D (41)
[2014.11.25-22.09.02:573][853]LogModuleManager: Shutting down and abandoning module MetalShaderFormat (40)
[2014.11.25-22.09.02:573][853]LogModuleManager: Shutting down and abandoning module TextureFormatUncompressed (39)
[2014.11.25-22.09.02:573][853]LogModuleManager: Shutting down and abandoning module TextureFormatPVR (38)
[2014.11.25-22.09.02:573][853]LogModuleManager: Shutting down and abandoning module TextureFormatDXT (37)
[2014.11.25-22.09.02:573][853]LogModuleManager: Shutting down and abandoning module TextureFormatAndroid (36)
[2014.11.25-22.09.02:573][853]LogModuleManager: Shutting down and abandoning module AudioFormatOpus (35)
[2014.11.25-22.09.02:573][853]LogModuleManager: Shutting down and abandoning module AudioFormatOgg (34)
[2014.11.25-22.09.02:573][853]LogModuleManager: Shutting down and abandoning module AudioFormatADPCM (33)
[2014.11.25-22.09.02:573][853]LogModuleManager: Shutting down and abandoning module Messaging (32)
[2014.11.25-22.09.02:573][853]LogModuleManager: Shutting down and abandoning module IOSTargetPlatform (31)
[2014.11.25-22.09.02:573][853]LogModuleManager: Shutting down and abandoning module Android_PVRTCTargetPlatform (30)
[2014.11.25-22.09.02:573][853]LogModuleManager: Shutting down and abandoning module Android_ETC2TargetPlatform (29)
[2014.11.25-22.09.02:573][853]LogModuleManager: Shutting down and abandoning module Android_ETC1TargetPlatform (28)
[2014.11.25-22.09.02:573][853]LogModuleManager: Shutting down and abandoning module Android_DXTTargetPlatform (27)
[2014.11.25-22.09.02:573][853]LogModuleManager: Shutting down and abandoning module Android_ATCTargetPlatform (26)
[2014.11.25-22.09.02:573][853]LogModuleManager: Shutting down and abandoning module AndroidTargetPlatform (25)
[2014.11.25-22.09.02:573][853]LogModuleManager: Shutting down and abandoning module WindowsTargetPlatform (24)
[2014.11.25-22.09.02:573][853]LogModuleManager: Shutting down and abandoning module WindowsServerTargetPlatform (23)
[2014.11.25-22.09.02:573][853]LogModuleManager: Shutting down and abandoning module WindowsNoEditorTargetPlatform (22)
[2014.11.25-22.09.02:573][853]LogModuleManager: Shutting down and abandoning module WindowsClientTargetPlatform (21)
[2014.11.25-22.09.02:573][853]LogModuleManager: Shutting down and abandoning module TargetPlatform (20)
[2014.11.25-22.09.02:573][853]LogModuleManager: Shutting down and abandoning module InputCore (19)
[2014.11.25-22.09.02:573][853]LogModuleManager: Shutting down and abandoning module Settings (18)
[2014.11.25-22.09.02:573][853]LogModuleManager: Shutting down and abandoning module ImageWrapper (17)
[2014.11.25-22.09.02:573][853]LogModuleManager: Shutting down and abandoning module OculusRift (14)
[2014.11.25-22.09.02:573][853]LogModuleManager: Shutting down and abandoning module ExampleDeviceProfileSelector (13)
[2014.11.25-22.09.02:573][853]LogModuleManager: Shutting down and abandoning module TextureCompressor (12)
[2014.11.25-22.09.02:573][853]LogModuleManager: Shutting down and abandoning module ShaderCore (11)
[2014.11.25-22.09.02:574][853]LogModuleManager: Shutting down and abandoning module SlateRHIRenderer (10)
[2014.11.25-22.09.02:574][853]LogModuleManager: Shutting down and abandoning module OpenGLDrv (9)
[2014.11.25-22.09.02:574][853]LogModuleManager: Shutting down and abandoning module D3D11RHI (8)
[2014.11.25-22.09.02:574][853]LogModuleManager: Shutting down and abandoning module Renderer (7)
[2014.11.25-22.09.02:574][853]LogModuleManager: Shutting down and abandoning module Engine (6)
[2014.11.25-22.09.02:574][853]LogModuleManager: Shutting down and abandoning module CoreUObject (5)
[2014.11.25-22.09.02:574][853]LogModuleManager: Shutting down and abandoning module NetworkFile (4)
[2014.11.25-22.09.02:574][853]LogModuleManager: Shutting down and abandoning module StreamingFile (3)
[2014.11.25-22.09.02:574][853]LogModuleManager: Shutting down and abandoning module SandboxFile (2)
[2014.11.25-22.09.02:574][853]LogModuleManager: Shutting down and abandoning module PakFile (1)
[2014.11.25-22.09.02:575][853]LogExit: Exiting.
[2014.11.25-22.09.02:588][853]Log file closed, 11/25/14 17:09:02
